mode: set
 hery-ciaputra/assignment-activity-reporter/activity/activity_reporter.go:40.42,42.2 1 1
 hery-ciaputra/assignment-activity-reporter/activity/activity_reporter.go:44.42,47.2 2 1
 hery-ciaputra/assignment-activity-reporter/activity/activity_reporter.go:49.45,51.2 1 1
 hery-ciaputra/assignment-activity-reporter/activity/activity_reporter.go:53.38,55.2 1 1
 hery-ciaputra/assignment-activity-reporter/activity/activity_reporter.go:57.35,59.27 2 1
 hery-ciaputra/assignment-activity-reporter/activity/activity_reporter.go:70.2,70.27 1 1
 hery-ciaputra/assignment-activity-reporter/activity/activity_reporter.go:77.2,77.30 1 1
 hery-ciaputra/assignment-activity-reporter/activity/activity_reporter.go:59.27,60.34 1 1
 hery-ciaputra/assignment-activity-reporter/activity/activity_reporter.go:63.3,63.35 1 1
 hery-ciaputra/assignment-activity-reporter/activity/activity_reporter.go:60.34,62.4 1 1
 hery-ciaputra/assignment-activity-reporter/activity/activity_reporter.go:63.35,64.33 1 1
 hery-ciaputra/assignment-activity-reporter/activity/activity_reporter.go:64.33,66.5 1 1
 hery-ciaputra/assignment-activity-reporter/activity/activity_reporter.go:70.27,71.32 1 1
 hery-ciaputra/assignment-activity-reporter/activity/activity_reporter.go:71.32,72.33 1 1
 hery-ciaputra/assignment-activity-reporter/activity/activity_reporter.go:72.33,74.5 1 1
 hery-ciaputra/assignment-activity-reporter/activity/activity_reporter.go:80.38,82.2 1 1
 hery-ciaputra/assignment-activity-reporter/activity/activity_reporter.go:84.55,85.36 1 1
 hery-ciaputra/assignment-activity-reporter/activity/activity_reporter.go:88.2,88.13 1 1
 hery-ciaputra/assignment-activity-reporter/activity/activity_reporter.go:85.36,87.3 1 1
 hery-ciaputra/assignment-activity-reporter/activity/activity_reporter.go:91.57,92.40 1 1
 hery-ciaputra/assignment-activity-reporter/activity/activity_reporter.go:99.2,99.42 1 1
 hery-ciaputra/assignment-activity-reporter/activity/activity_reporter.go:92.40,95.3 2 1
 hery-ciaputra/assignment-activity-reporter/activity/activity_reporter.go:95.8,97.3 1 1
 hery-ciaputra/assignment-activity-reporter/activity/activity_reporter.go:99.42,102.3 2 1
 hery-ciaputra/assignment-activity-reporter/activity/activity_reporter.go:102.8,104.3 1 1
 hery-ciaputra/assignment-activity-reporter/activity/activity_reporter.go:107.48,108.37 1 1
 hery-ciaputra/assignment-activity-reporter/activity/activity_reporter.go:112.2,114.60 2 1
 hery-ciaputra/assignment-activity-reporter/activity/activity_reporter.go:122.2,122.12 1 1
 hery-ciaputra/assignment-activity-reporter/activity/activity_reporter.go:108.37,110.3 1 1
 hery-ciaputra/assignment-activity-reporter/activity/activity_reporter.go:114.60,115.82 1 1
 hery-ciaputra/assignment-activity-reporter/activity/activity_reporter.go:120.3,120.102 1 1
 hery-ciaputra/assignment-activity-reporter/activity/activity_reporter.go:115.82,116.36 1 1
 hery-ciaputra/assignment-activity-reporter/activity/activity_reporter.go:116.36,118.5 1 1
 hery-ciaputra/assignment-activity-reporter/activity/activity_reporter.go:125.62,126.41 1 1
 hery-ciaputra/assignment-activity-reporter/activity/activity_reporter.go:130.2,130.43 1 1
 hery-ciaputra/assignment-activity-reporter/activity/activity_reporter.go:134.2,134.44 1 1
 hery-ciaputra/assignment-activity-reporter/activity/activity_reporter.go:138.2,138.52 1 1
 hery-ciaputra/assignment-activity-reporter/activity/activity_reporter.go:144.2,144.28 1 1
 hery-ciaputra/assignment-activity-reporter/activity/activity_reporter.go:155.2,155.66 1 1
 hery-ciaputra/assignment-activity-reporter/activity/activity_reporter.go:167.2,167.27 1 1
 hery-ciaputra/assignment-activity-reporter/activity/activity_reporter.go:126.41,128.3 1 1
 hery-ciaputra/assignment-activity-reporter/activity/activity_reporter.go:130.43,132.3 1 1
 hery-ciaputra/assignment-activity-reporter/activity/activity_reporter.go:134.44,136.3 1 1
 hery-ciaputra/assignment-activity-reporter/activity/activity_reporter.go:138.52,139.26 1 1
 hery-ciaputra/assignment-activity-reporter/activity/activity_reporter.go:139.26,141.4 1 1
 hery-ciaputra/assignment-activity-reporter/activity/activity_reporter.go:144.28,148.65 3 1
 hery-ciaputra/assignment-activity-reporter/activity/activity_reporter.go:152.3,152.13 1 1
 hery-ciaputra/assignment-activity-reporter/activity/activity_reporter.go:148.65,151.4 2 1
 hery-ciaputra/assignment-activity-reporter/activity/activity_reporter.go:155.66,156.29 1 1
 hery-ciaputra/assignment-activity-reporter/activity/activity_reporter.go:156.29,160.66 3 1
 hery-ciaputra/assignment-activity-reporter/activity/activity_reporter.go:164.4,164.14 1 1
 hery-ciaputra/assignment-activity-reporter/activity/activity_reporter.go:160.66,163.5 2 1
 hery-ciaputra/assignment-activity-reporter/activity/activity_reporter.go:170.60,171.37 1 1
 hery-ciaputra/assignment-activity-reporter/activity/activity_reporter.go:175.2,177.29 2 1
 hery-ciaputra/assignment-activity-reporter/activity/activity_reporter.go:188.2,188.54 1 1
 hery-ciaputra/assignment-activity-reporter/activity/activity_reporter.go:194.2,194.46 1 1
 hery-ciaputra/assignment-activity-reporter/activity/activity_reporter.go:200.2,200.53 1 1
 hery-ciaputra/assignment-activity-reporter/activity/activity_reporter.go:206.2,206.22 1 1
 hery-ciaputra/assignment-activity-reporter/activity/activity_reporter.go:171.37,173.3 1 1
 hery-ciaputra/assignment-activity-reporter/activity/activity_reporter.go:177.29,179.48 2 1
 hery-ciaputra/assignment-activity-reporter/activity/activity_reporter.go:179.48,180.19 1 1
 hery-ciaputra/assignment-activity-reporter/activity/activity_reporter.go:180.19,182.5 1 1
 hery-ciaputra/assignment-activity-reporter/activity/activity_reporter.go:182.10,184.5 1 1
 hery-ciaputra/assignment-activity-reporter/activity/activity_reporter.go:188.54,189.18 1 1
 hery-ciaputra/assignment-activity-reporter/activity/activity_reporter.go:189.18,191.4 1 1
 hery-ciaputra/assignment-activity-reporter/activity/activity_reporter.go:194.46,195.18 1 1
 hery-ciaputra/assignment-activity-reporter/activity/activity_reporter.go:195.18,197.4 1 1
 hery-ciaputra/assignment-activity-reporter/activity/activity_reporter.go:200.53,201.59 1 1
 hery-ciaputra/assignment-activity-reporter/activity/activity_reporter.go:201.59,203.4 1 1
 hery-ciaputra/assignment-activity-reporter/activity/activity_reporter.go:209.62,214.35 3 1
 hery-ciaputra/assignment-activity-reporter/activity/activity_reporter.go:225.2,225.20 1 1
 hery-ciaputra/assignment-activity-reporter/activity/activity_reporter.go:214.35,215.34 1 1
 hery-ciaputra/assignment-activity-reporter/activity/activity_reporter.go:220.3,220.33 1 1
 hery-ciaputra/assignment-activity-reporter/activity/activity_reporter.go:215.34,216.19 1 1
 hery-ciaputra/assignment-activity-reporter/activity/activity_reporter.go:216.19,217.21 1 1
 hery-ciaputra/assignment-activity-reporter/activity/activity_reporter.go:220.33,223.4 2 1
 hery-ciaputra/assignment-activity-reporter/activity/activity_reporter.go:228.41,232.25 3 1
 hery-ciaputra/assignment-activity-reporter/activity/activity_reporter.go:236.2,236.32 1 1
 hery-ciaputra/assignment-activity-reporter/activity/activity_reporter.go:241.2,241.20 1 1
 hery-ciaputra/assignment-activity-reporter/activity/activity_reporter.go:232.25,234.3 1 1
 hery-ciaputra/assignment-activity-reporter/activity/activity_reporter.go:236.32,237.21 1 1
 hery-ciaputra/assignment-activity-reporter/activity/activity_reporter.go:237.21,239.4 1 1
